D***o | https://www.aliexpress.com/item/-/32926097679.html|32926097679| 07 Jul 2019 10:41|width:100%;||
s***s| https://www.aliexpress.com/item/-/32874642353.html|32874642353| 07 Jul 2019 09:50|width:80%;||
C***s| https://www.aliexpress.com/item/-/32874642353.html|32874642353| 07 Jul 2019 08:02|width:100%;||
list index out of range 使用google翻译太频繁,停止爬虫60s
O***a| https://www.aliexpress.com/item/-/32899754676.html|32899754676| 07 Jul 2019 07:10|width:80%;|на Рено кенго 1 , не підійшло, конструкція тримача на 4-.|
list index out of range 使用google翻译太频繁,停止爬虫60s
M***y| https://www.aliexpress.com/item/-/32950850475.html|32950850475| 07 Jul 2019 05:30|width:100%;|It looks nice|
M***v | https://www.aliexpress.com/item/-/32876951158.html|32876951158| 07 Jul 2019 05:30|width:100%;||
A***y| https://www.aliexpress.com/item/-/32899754676.html|32899754676| 07 Jul 2019 04:38|width:100%;||
E***r| https://www.aliexpress.com/item/-/32899754676.html|32899754676| 07 Jul 2019 04:13|width:100%;||
list index out of range 使用google翻译太频繁,停止爬虫60s
T***s| https://www.aliexpress.com/item/-/32874642353.html|32874642353| 07 Jul 2019 04:04|width:100%;|Good quality and fast delivery.|
R***k| https://www.aliexpress.com/item/-/32899754676.html|32899754676| 07 Jul 2019 03:33|width:80%;||
list index out of range 使用google翻译太频繁,停止爬虫60s
f***r| https://www.aliexpress.com/item/-/32899754676.html|32899754676| 07 Jul 2019 03:25|width:80%;|Als de houder gemonteerd is gaat de rek na een tijdje in de zon eruit en is deze lastig op een smaller dashboard te monteren|
list index out of range 使用google翻译太频繁,停止爬虫60s
G***i| https://www.aliexpress.com/item/-/32899754676.html|32899754676| 07 Jul 2019 02:14|width:100%;|All ok. Fast delivery :)|
A***z| https://www.aliexpress.com/item/-/32950850475.html|32950850475| 07 Jul 2019 01:38|width:100%;||
a***y| https://www.aliexpress.com/item/-/32899754676.html|32899754676| 06 Jul 2019 21:49|width:100%;||
list index out of range 使用google翻译太频繁,停止爬虫60s
A***o| https://www.aliexpress.com/item/-/32899754676.html|32899754676| 06 Jul 2019 21:48|width:80%;|На Renault Duster не подходит. Рамка приборки очень полстая для этого держателя|
G***k| https://www.aliexpress.com/item/-/32919126852.html|32919126852| 06 Jul 2019 15:25|width:100%;||
A***z| https://www.aliexpress.com/item/-/32899754676.html|32899754676| 06 Jul 2019 14:46|width:100%;||
S***c| https://www.aliexpress.com/item/-/32899754676.html|32899754676| 06 Jul 2019 14:38|width:100%;||
D***A| https://www.aliexpress.com/item/-/32876951158.html|32876951158| 06 Jul 2019 14:11|width:100%;||
list index out of range 使用google翻译太频繁,停止爬虫60s
s***s| https://www.aliexpress.com/item/-/32899754676.html|32899754676| 06 Jul 2019 13:26|width:100%;|Все отлично|
A***a| https://www.aliexpress.com/item/-/32899754676.html|32899754676| 06 Jul 2019 13:21|width:100%;||
list index out of range 使用google翻译太频繁,停止爬虫60s
S***k| https://www.aliexpress.com/item/-/32899754676.html|32899754676| 06 Jul 2019 12:15|width:100%;|Thanks +++|
list index out of range 使用google翻译太频繁,停止爬虫60s
W***n | https://www.aliexpress.com/item/-/32911738915.html|32911738915| 06 Jul 2019 12:00|width:60%;|iPad is te zwaar ok rechtop te blijven hangen|
list index out of range 使用google翻译太频繁,停止爬虫60s
s***n| https://www.aliexpress.com/item/-/32926097679.html|32926097679| 06 Jul 2019 11:36|width:100%;|Excellent product I recommend this seller and their service. thanks a lot|
list index out of range 使用google翻译太频繁,停止爬虫60s
A***o| https://www.aliexpress.com/item/-/32874642353.html|32874642353| 06 Jul 2019 11:25|width:100%;|как в описании, пахнет ужасно|
list index out of range 使用google翻译太频繁,停止爬虫60s
A***o| https://www.aliexpress.com/item/-/32876951158.html|32876951158| 06 Jul 2019 10:23|width:100%;|Посылка пришла на удивление быстро. Всё целое, всё работает. Хлипковатое конечно, но телефон держит крепко.|
list index out of range 使用google翻译太频繁,停止爬虫60s
S***i| https://www.aliexpress.com/item/-/32926097679.html|32926097679| 06 Jul 2019 09:23|width:20%;|Le ressort ne marchais pas. Mauvaise qualité. Je n’ai pas pu l’utiliser|
list index out of range 使用google翻译太频繁,停止爬虫60s
A***y| https://www.aliexpress.com/item/-/33012572197.html|33012572197| 06 Jul 2019 08:42|width:100%;|Пластик чуть-чуть покоцан, но не критично.|
A***v| https://www.aliexpress.com/item/-/32874642353.html|32874642353| 06 Jul 2019 08:19|width:100%;||
list index out of range 使用google翻译太频繁,停止爬虫60s
D***T| https://www.aliexpress.com/item/-/32850485509.html|32850485509| 06 Jul 2019 08:01|width:20%;|not woking|
list index out of range 使用google翻译太频繁,停止爬虫60s
M***e| https://www.aliexpress.com/item/-/32899754676.html|32899754676| 06 Jul 2019 06:11|width:100%;|Product works as advertised, unfortunately it came out of the packaging with a very chemical smell. I had to leave it outside for a couple of days just to get rid of the smell...|
a***v| https://www.aliexpress.com/item/-/32856844088.html|32856844088| 06 Jul 2019 05:44|width:100%;||
E***e| https://www.aliexpress.com/item/-/32899754676.html|32899754676| 06 Jul 2019 05:31|width:100%;||
list index out of range 使用google翻译太频繁,停止爬虫60s
M***e| https://www.aliexpress.com/item/-/32899754676.html|32899754676| 06 Jul 2019 05:16|width:100%;|très bon produit|
R***e | https://www.aliexpress.com/item/-/32899754676.html|32899754676| 06 Jul 2019 05:00|width:100%;||
M***m| https://www.aliexpress.com/item/-/32899754676.html|32899754676| 06 Jul 2019 04:42|width:100%;||
list index out of range 使用google翻译太频繁,停止爬虫60s
J***l| https://www.aliexpress.com/item/-/33015491410.html|33015491410| 06 Jul 2019 04:38|width:80%;|Very Quick shipment. Unfortunately NO EU Poweradapter. US adapter is useless over here.|
list index out of range 使用google翻译太频繁,停止爬虫60s
D***m| https://www.aliexpress.com/item/-/32899754676.html|32899754676| 06 Jul 2019 04:23|width:100%;|Precies zoals omschreven, netjes verpakt en super snel geleverd. Stevig materiaal en telefoon zit er goed en strak in. Klasse. Ik beveel deze verkoper aan.|
J***c| https://www.aliexpress.com/item/-/32899754676.html|32899754676| 06 Jul 2019 04:15|width:100%;||
list index out of range 使用google翻译太频繁,停止爬虫60s
F***m| https://www.aliexpress.com/item/-/32899754676.html|32899754676| 06 Jul 2019 04:12|width:100%;|Very good, thank you !|
K***e| https://www.aliexpress.com/item/-/32919126852.html|32919126852| 06 Jul 2019 03:46|width:100%;||
I***r| https://www.aliexpress.com/item/-/32899754676.html|32899754676| 06 Jul 2019 03:27|width:100%;||
list index out of range 使用google翻译太频繁,停止爬虫60s
J***k| https://www.aliexpress.com/item/-/32874642353.html|32874642353| 06 Jul 2019 03:17|width:20%;|The holder is shit. Tablet does not hold ... Cheap plastic DO NOT BUY|
list index out of range 使用google翻译太频繁,停止爬虫60s
O***r| https://www.aliexpress.com/item/-/32899754676.html|32899754676| 06 Jul 2019 02:59|width:100%;|спасибо продавцу, отправил быстро. заказала 19.06, а на почте уже была посылка 03.07. по качеству время покажет, но постоянно, при разжиме держателя, вылазиет штырек, на котором пружина держится. пластик твёрдый и с небольшими потертостями. в ходе эксплуатации дополню отзыв!|
M***m| https://www.aliexpress.com/item/-/32899754676.html|32899754676| 06 Jul 2019 01:44|width:100%;||
B***a| https://www.aliexpress.com/item/-/32970388345.html|32970388345| 06 Jul 2019 01:32|width:100%;||
list index out of range 使用google翻译太频繁,停止爬虫60s
L***y| https://www.aliexpress.com/item/-/32876951158.html|32876951158| 05 Jul 2019 23:52|width:20%;|war defekt bei Auslieferung|
list index out of range 使用google翻译太频繁,停止爬虫60s
A***n| https://www.aliexpress.com/item/-/32899754676.html|32899754676| 05 Jul 2019 20:31|width:100%;|Что ожидал то и получил, товар соответствует своему описанию.|
D***i| https://www.aliexpress.com/item/-/32899754676.html|32899754676| 05 Jul 2019 17:31|width:100%;||
P***n| https://www.aliexpress.com/item/-/32899754676.html|32899754676| 05 Jul 2019 14:31|width:100%;||
D***n | https://www.aliexpress.com/item/-/32874642353.html|32874642353| 05 Jul 2019 14:01|width:80%;||
M***y| https://www.aliexpress.com/item/-/32874642353.html|32874642353| 05 Jul 2019 13:20|width:100%;||
p***s| https://www.aliexpress.com/item/-/32856617913.html|32856617913| 05 Jul 2019 12:05|width:100%;||
A***n| https://www.aliexpress.com/item/-/32899754676.html|32899754676| 05 Jul 2019 11:48|width:100%;||
S***o| https://www.aliexpress.com/item/-/32950850475.html|32950850475| 05 Jul 2019 11:22|width:100%;||
S***n| https://www.aliexpress.com/item/-/32874642353.html|32874642353| 05 Jul 2019 11:17|width:100%;||
J***a| https://www.aliexpress.com/item/-/32919126852.html|32919126852| 05 Jul 2019 10:44|width:80%;||
S***v| https://www.aliexpress.com/item/-/32990168748.html|32990168748| 05 Jul 2019 10:16|width:100%;||
A***e| https://www.aliexpress.com/item/-/32899754676.html|32899754676| 05 Jul 2019 10:13|width:100%;||
V***n| https://www.aliexpress.com/item/-/32899754676.html|32899754676| 05 Jul 2019 10:08|width:100%;||
N***a| https://www.aliexpress.com/item/-/32919126852.html|32919126852| 05 Jul 2019 09:57|width:100%;||
list index out of range 使用google翻译太频繁,停止爬虫60s
F***z| https://www.aliexpress.com/item/-/32876951158.html|32876951158| 05 Jul 2019 09:45|width:80%;|It is really really fragile and it breaks easily so I do not recommend this item. too bad it is all cheap plastic because it could have been very nice.|
c***t| https://www.aliexpress.com/item/-/33012572197.html|33012572197| 05 Jul 2019 09:43|width:80%;||
list index out of range 使用google翻译太频繁,停止爬虫60s
V***M | https://www.aliexpress.com/item/-/32899754676.html|32899754676| 05 Jul 2019 08:16|width:100%;|12 дней . быстро,аккуратно.всё целое.рекомендую.|
N***n| https://www.aliexpress.com/item/-/32899754676.html|32899754676| 05 Jul 2019 07:51|width:100%;||
list index out of range 使用google翻译太频繁,停止爬虫60s
G***l| https://www.aliexpress.com/item/-/32899754676.html|32899754676| 05 Jul 2019 07:17|width:100%;|prima kwaliteit snel geleverd toppy.|
l***n| https://www.aliexpress.com/item/-/32950850475.html|32950850475| 05 Jul 2019 07:03|width:100%;||
H***n | https://www.aliexpress.com/item/-/32950850475.html|32950850475| 05 Jul 2019 06:34|width:100%;||
N***i| https://www.aliexpress.com/item/-/32874642353.html|32874642353| 05 Jul 2019 06:25|width:100%;||
list index out of range 使用google翻译太频繁,停止爬虫60s
M***w| https://www.aliexpress.com/item/-/32919126852.html|32919126852| 05 Jul 2019 04:27|width:100%;|Good product|
list index out of range 使用google翻译太频繁,停止爬虫60s
M***w| https://www.aliexpress.com/item/-/32919126852.html|32919126852| 05 Jul 2019 04:27|width:100%;|Good product|
R***m| https://www.aliexpress.com/item/-/32909704204.html|32909704204| 05 Jul 2019 04:06|width:100%;||
list index out of range 使用google翻译太频繁,停止爬虫60s
P***r| https://www.aliexpress.com/item/-/32874642353.html|32874642353| 05 Jul 2019 03:39|width:100%;|O.K.|
list index out of range 使用google翻译太频繁,停止爬虫60s
P***n| https://www.aliexpress.com/item/-/32899754676.html|32899754676| 05 Jul 2019 02:57|width:20%;|Не рекомендую покупать. Совсем не держится на панели. Приходится дорабатывать самому. Приклеенная резинка дубовая как пластик. Продавец тянет время не идет на уступки.|
list index out of range 使用google翻译太频繁,停止爬虫60s
R***o| https://www.aliexpress.com/item/-/32874642353.html|32874642353| 05 Jul 2019 02:56|width:20%;|Não sustenta o iPad além de ter enviado o produto diferente!|
R***o| https://www.aliexpress.com/item/-/32895573402.html|32895573402| 05 Jul 2019 02:56|width:80%;||
d***d| https://www.aliexpress.com/item/-/32899754676.html|32899754676| 05 Jul 2019 02:52|width:80%;||
f***r| https://www.aliexpress.com/item/-/32874642353.html|32874642353| 05 Jul 2019 02:46|width:100%;||
H***s| https://www.aliexpress.com/item/-/32876951158.html|32876951158| 05 Jul 2019 01:57|width:80%;||
J***L| https://www.aliexpress.com/item/-/32899754676.html|32899754676| 05 Jul 2019 01:38|width:100%;||
v***v| https://www.aliexpress.com/item/-/32909704204.html|32909704204| 05 Jul 2019 01:06|width:100%;||
L***e| https://www.aliexpress.com/item/-/32874642353.html|32874642353| 05 Jul 2019 00:27|width:100%;||
list index out of range 使用google翻译太频繁,停止爬虫60s
d***i| https://www.aliexpress.com/item/-/32874642353.html|32874642353| 05 Jul 2019 00:23|width:80%;|Ok|
N***a| https://www.aliexpress.com/item/-/32919126852.html|32919126852| 05 Jul 2019 00:05|width:100%;||
V***r| https://www.aliexpress.com/item/-/32876951158.html|32876951158| 04 Jul 2019 23:55|width:100%;||
list index out of range 使用google翻译太频繁,停止爬虫60s
V***o| https://www.aliexpress.com/item/-/32911738915.html|32911738915| 04 Jul 2019 23:47|width:60%;|Как уже писал в первом отзыве, качество не лучшее, есть недоливы по форме, направляющие болтаются в пазах сильно, пружина уже звучит как уставшая и держит уверенно только большие формы. Сильное не соответствие планшета Самсунг и держателя.|
list index out of range 使用google翻译太频繁,停止爬虫60s
G***e| https://www.aliexpress.com/item/-/32919126852.html|32919126852| 04 Jul 2019 22:45|width:40%;|Average aund quality but ok for price. Will be buying higher quality one again|
y***v| https://www.aliexpress.com/item/-/32899754676.html|32899754676| 04 Jul 2019 22:03|width:100%;||
M***u| https://www.aliexpress.com/item/-/32899754676.html|32899754676| 04 Jul 2019 21:05|width:100%;||
list index out of range 使用google翻译太频繁,停止爬虫60s
J***a | https://www.aliexpress.com/item/-/32876951158.html|32876951158| 04 Jul 2019 20:16|width:100%;|Good!|
list index out of range 使用google翻译太频繁,停止爬虫60s
J***a | https://www.aliexpress.com/item/-/32876951158.html|32876951158| 04 Jul 2019 20:16|width:100%;|Good!|
list index out of range 使用google翻译太频繁,停止爬虫60s
B***m| https://www.aliexpress.com/item/-/32856844088.html|32856844088| 04 Jul 2019 19:26|width:60%;|nice|
B***c| https://www.aliexpress.com/item/-/32990168748.html|32990168748| 04 Jul 2019 15:27|width:100%;||
N***i| https://www.aliexpress.com/item/-/32919126852.html|32919126852| 04 Jul 2019 13:45|width:100%;||
E***v| https://www.aliexpress.com/item/-/33018170507.html|33018170507| 04 Jul 2019 13:25|width:100%;||
list index out of range 使用google翻译太频繁,停止爬虫60s
R***a| https://www.aliexpress.com/item/-/32899754676.html|32899754676| 04 Jul 2019 13:09|width:20%;|The product came with scratches, it seemed to have already been used.|
F***n| https://www.aliexpress.com/item/-/32876951158.html|32876951158| 04 Jul 2019 13:00|width:80%;||
B***i| https://www.aliexpress.com/item/-/32909704204.html|32909704204| 04 Jul 2019 11:50|width:100%;||
E***a| https://www.aliexpress.com/item/-/32970973907.html|32970973907| 04 Jul 2019 11:41|width:100%;||
W***n | https://www.aliexpress.com/item/-/32899754676.html|32899754676| 04 Jul 2019 11:39|width:100%;||
W***n | https://www.aliexpress.com/item/-/32899754676.html|32899754676| 04 Jul 2019 11:39|width:100%;||
D***u| https://www.aliexpress.com/item/-/32899754676.html|32899754676| 04 Jul 2019 11:20|width:100%;||
R***l | https://www.aliexpress.com/item/-/32899754676.html|32899754676| 04 Jul 2019 11:06|width:80%;||
R***v| https://www.aliexpress.com/item/-/32899754676.html|32899754676| 04 Jul 2019 10:14|width:100%;||
W***m | https://www.aliexpress.com/item/-/32876951158.html|32876951158| 04 Jul 2019 09:41|width:80%;||
list index out of range 使用google翻译太频繁,停止爬虫60s
V***v| https://www.aliexpress.com/item/-/32874642353.html|32874642353| 04 Jul 2019 09:19|width:100%;|всё работает,спасибо|
list index out of range 使用google翻译太频繁,停止爬虫60s
V***v| https://www.aliexpress.com/item/-/32919126852.html|32919126852| 04 Jul 2019 09:16|width:60%;|Посылку доставили где-то за месяц, все работает только при прослушивании музыки присутствуют посторонние шумы, которые очень портят качество звучания(((|
S***l| https://www.aliexpress.com/item/-/32899754676.html|32899754676| 04 Jul 2019 08:08|width:100%;||
N***a| https://www.aliexpress.com/item/-/32909704204.html|32909704204| 04 Jul 2019 07:05|width:100%;||
A***v| https://www.aliexpress.com/item/-/32874642353.html|32874642353| 04 Jul 2019 06:26|width:100%;||
A***v| https://www.aliexpress.com/item/-/32874642353.html|32874642353| 04 Jul 2019 06:26|width:100%;||
H***i| https://www.aliexpress.com/item/-/32970388345.html|32970388345| 04 Jul 2019 05:54|width:100%;||
list index out of range 使用google翻译太频繁,停止爬虫60s
S***S| https://www.aliexpress.com/item/-/32899754676.html|32899754676| 04 Jul 2019 05:46|width:100%;|quality was good|
B***i| https://www.aliexpress.com/item/-/32874642353.html|32874642353| 04 Jul 2019 05:34|width:100%;||
i***a | https://www.aliexpress.com/item/-/32899754676.html|32899754676| 04 Jul 2019 05:30|width:100%;||
A***s | https://www.aliexpress.com/item/-/32874642353.html|32874642353| 04 Jul 2019 05:23|width:100%;||
V***e | https://www.aliexpress.com/item/-/32919126852.html|32919126852| 04 Jul 2019 02:17|width:100%;||
L***s| https://www.aliexpress.com/item/-/32856844088.html|32856844088| 04 Jul 2019 02:01|width:80%;||
list index out of range 使用google翻译太频繁,停止爬虫60s
f***o| https://www.aliexpress.com/item/-/32899754676.html|32899754676| 04 Jul 2019 00:59|width:100%;|Good product, at a fair price|
C***s| https://www.aliexpress.com/item/-/32899754676.html|32899754676| 04 Jul 2019 00:38|width:100%;||
M***o| https://www.aliexpress.com/item/-/32899754676.html|32899754676| 04 Jul 2019 00:21|width:100%;||
list index out of range 使用google翻译太频繁,停止爬虫60s
l***s| https://www.aliexpress.com/item/-/32876951158.html|32876951158| 04 Jul 2019 00:05|width:20%;|both of the holders we ordered broke upon first use. very bad quality. the screw barely worked too|
R***k | https://www.aliexpress.com/item/-/32899754676.html|32899754676| 04 Jul 2019 00:00|width:100%;||
list index out of range 使用google翻译太频繁,停止爬虫60s
M***i| https://www.aliexpress.com/item/-/32899754676.html|32899754676| 04 Jul 2019 00:00|width:100%;|Refound, thanks, package missed|
list index out of range 使用google翻译太频繁,停止爬虫60s
t***s| https://www.aliexpress.com/item/-/32856844088.html|32856844088| 03 Jul 2019 23:27|width:100%;|vendedor bueno|
list index out of range 使用google翻译太频繁,停止爬虫60s
Y***k| https://www.aliexpress.com/item/-/32899754676.html|32899754676| 03 Jul 2019 23:25|width:100%;|Штука прикольная, держалочки прорезинены. По размеру вроде как даже впихивается мой mi max 2, а он 5.5". Единственное, на ваз десятку на старую панель не подошла, потому что форма панели немного мутная... А так на ровную панель прям шикарно должна встать)|
Traceback (most recent call last):
  File "/usr/local/lib/python3.6/site-packages/urllib3/connectionpool.py", line 600, in urlopen
    chunked=chunked)
  File "/usr/local/lib/python3.6/site-packages/urllib3/connectionpool.py", line 384, in _make_request
    six.raise_from(e, None)
  File "<string>", line 2, in raise_from
  File "/usr/local/lib/python3.6/site-packages/urllib3/connectionpool.py", line 380, in _make_request
    httplib_response = conn.getresponse()
  File "/usr/local/lib/python3.6/http/client.py", line 1331, in getresponse
    response.begin()
  File "/usr/local/lib/python3.6/http/client.py", line 297, in begin
    version, status, reason = self._read_status()
  File "/usr/local/lib/python3.6/http/client.py", line 266, in _read_status
    raise RemoteDisconnected("Remote end closed connection without"
http.client.RemoteDisconnected: Remote end closed connection without response

During handling of the above exception, another exception occurred:

Traceback (most recent call last):
  File "/usr/local/lib/python3.6/site-packages/requests/adapters.py", line 449, in send
    timeout=timeout
  File "/usr/local/lib/python3.6/site-packages/urllib3/connectionpool.py", line 638, in urlopen
    _stacktrace=sys.exc_info()[2])
  File "/usr/local/lib/python3.6/site-packages/urllib3/util/retry.py", line 368, in increment
    raise six.reraise(type(error), error, _stacktrace)
  File "/usr/local/lib/python3.6/site-packages/urllib3/packages/six.py", line 685, in reraise
    raise value.with_traceback(tb)
  File "/usr/local/lib/python3.6/site-packages/urllib3/connectionpool.py", line 600, in urlopen
    chunked=chunked)
  File "/usr/local/lib/python3.6/site-packages/urllib3/connectionpool.py", line 384, in _make_request
    six.raise_from(e, None)
  File "<string>", line 2, in raise_from
  File "/usr/local/lib/python3.6/site-packages/urllib3/connectionpool.py", line 380, in _make_request
    httplib_response = conn.getresponse()
  File "/usr/local/lib/python3.6/http/client.py", line 1331, in getresponse
    response.begin()
  File "/usr/local/lib/python3.6/http/client.py", line 297, in begin
    version, status, reason = self._read_status()
  File "/usr/local/lib/python3.6/http/client.py", line 266, in _read_status
    raise RemoteDisconnected("Remote end closed connection without"
urllib3.exceptions.ProtocolError: ('Connection aborted.', RemoteDisconnected('Remote end closed connection without response',))

During handling of the above exception, another exception occurred:

Traceback (most recent call last):
  File "/root/venv/ali_feebackForshoop8.py", line 165, in <module>
    main()
  File "/root/venv/ali_feebackForshoop8.py", line 161, in main
    getFeedback(i,file_name)
  File "/root/venv/ali_feebackForshoop8.py", line 149, in getFeedback
    feedbackContent_En=translateGoogle(feedbackContent)
  File "/root/venv/ali_feebackForshoop8.py", line 101, in translateGoogle
    response=requests.get(url, headers=headers)
  File "/usr/local/lib/python3.6/site-packages/requests/api.py", line 75, in get
    return request('get', url, params=params, **kwargs)
  File "/usr/local/lib/python3.6/site-packages/requests/api.py", line 60, in request
    return session.request(method=method, url=url, **kwargs)
  File "/usr/local/lib/python3.6/site-packages/requests/sessions.py", line 533, in request
    resp = self.send(prep, **send_kwargs)
  File "/usr/local/lib/python3.6/site-packages/requests/sessions.py", line 646, in send
    r = adapter.send(request, **kwargs)
  File "/usr/local/lib/python3.6/site-packages/requests/adapters.py", line 498, in send
    raise ConnectionError(err, request=request)
requests.exceptions.ConnectionError: ('Connection aborted.', RemoteDisconnected('Remote end closed connection without response',))
