D***u| https://www.aliexpress.com/item/-/32851544659.html|32851544659| 05 Jun 2019 14:10|width:100%;||
list index out of range 使用google翻译太频繁,停止爬虫60s
D***k| https://www.aliexpress.com/item/-/32822945250.html|32822945250| 03 Jun 2019 10:12|width:60%;|Товар так и не пришёл. Деньги вернулись на счет|
a***a| https://www.aliexpress.com/item/-/32741219610.html|32741219610| 25 May 2019 14:57|width:100%;||
list index out of range 使用google翻译太频繁,停止爬虫60s
K***v| https://www.aliexpress.com/item/-/32840968280.html|32840968280| 24 May 2019 12:36|width:20%;|delivery is not received|
S***r| https://www.aliexpress.com/item/-/32741219610.html|32741219610| 23 May 2019 05:04|width:100%;||
list index out of range 使用google翻译太频繁,停止爬虫60s
T***i| https://www.aliexpress.com/item/-/32822945250.html|32822945250| 22 May 2019 19:33|width:100%;|Excelente producto lo recomiendo al 100% aunque no llego, pero el vendedor reembolso sin ningún problema.|
list index out of range 使用google翻译太频繁,停止爬虫60s
S***v| https://www.aliexpress.com/item/-/32741219610.html|32741219610| 21 May 2019 07:25|width:100%;|Хотя посылку и потеряли на пути ко мне,но продавец очень ответственный,отвечал на сообщения сразу,деньги вернули и я рекомендую его,а с доставкой бывают неудачи у многих магазинов.|
K***n| https://www.aliexpress.com/item/-/32853211672.html|32853211672| 20 May 2019 12:55|width:100%;||
list index out of range 使用google翻译太频繁,停止爬虫60s
P***v| https://www.aliexpress.com/item/-/32840968280.html|32840968280| 19 May 2019 13:12|width:20%;|посылка так и не дошла _ трек по России не отслеживается|
G***n| https://www.aliexpress.com/item/-/32809381513.html|32809381513| 16 May 2019 10:19|width:100%;||
I***n| https://www.aliexpress.com/item/-/32741219610.html|32741219610| 16 May 2019 08:15|width:100%;||
E***a| https://www.aliexpress.com/item/-/32853155795.html|32853155795| 16 May 2019 05:10|width:100%;||
M***v| https://www.aliexpress.com/item/-/32741219610.html|32741219610| 14 May 2019 19:26|width:100%;||
list index out of range 使用google翻译太频繁,停止爬虫60s
V***v| https://www.aliexpress.com/item/-/32741219610.html|32741219610| 14 May 2019 08:01|width:40%;|спустя 3 месяца после отправки - товар так и не получил. спор открыть уже не получается|
E***a | https://www.aliexpress.com/item/-/32741219610.html|32741219610| 14 May 2019 04:08|width:100%;||
D***o| https://www.aliexpress.com/item/-/32853155795.html|32853155795| 11 May 2019 14:36|width:100%;||
list index out of range 使用google翻译太频繁,停止爬虫60s
A***o| https://www.aliexpress.com/item/-/32853211672.html|32853211672| 11 May 2019 11:52|width:100%;|Поставил 5 звезд. Заказ не пришел, но продавец нормальный, заинтересованный. Продлевал время защиты. Общался. Не его вина, что заказ не доехал. (Респект почте.) В конце сделал возврат.|
list index out of range 使用google翻译太频繁,停止爬虫60s
n***n| https://www.aliexpress.com/item/-/32840968280.html|32840968280| 10 May 2019 11:32|width:20%;|Je ne l’ai jamais reçu je l attend toujours merci de me faire un remboursement|
A***a| https://www.aliexpress.com/item/-/32741219610.html|32741219610| 10 May 2019 08:35|width:100%;||
list index out of range 使用google翻译太频繁,停止爬虫60s
E***z| https://www.aliexpress.com/item/-/32840968280.html|32840968280| 09 May 2019 15:16|width:40%;|nunca lo resivi|
N***c| https://www.aliexpress.com/item/-/32741219610.html|32741219610| 09 May 2019 09:48|width:100%;||
M***a| https://www.aliexpress.com/item/-/32840968280.html|32840968280| 09 May 2019 02:57|width:100%;||
list index out of range 使用google翻译太频繁,停止爬虫60s
A***a| https://www.aliexpress.com/item/-/32840968280.html|32840968280| 08 May 2019 08:57|width:20%;|товар не пришёл|
list index out of range 使用google翻译太频繁,停止爬虫60s
O***a| https://www.aliexpress.com/item/-/32741219610.html|32741219610| 07 May 2019 06:16|width:100%;|Отличные липучки, подойдут для толстых проводов и веревок.|
list index out of range 使用google翻译太频繁,停止爬虫60s
V***v| https://www.aliexpress.com/item/-/32804425443.html|32804425443| 06 May 2019 06:20|width:20%;|Товар не пришел, спор пропустил не советую продовца.|
o***v| https://www.aliexpress.com/item/-/32822945250.html|32822945250| 06 May 2019 00:09|width:100%;||
o***v| https://www.aliexpress.com/item/-/32822945250.html|32822945250| 06 May 2019 00:08|width:100%;||
o***v| https://www.aliexpress.com/item/-/32822945250.html|32822945250| 06 May 2019 00:08|width:100%;||
P***V| https://www.aliexpress.com/item/-/32809381513.html|32809381513| 05 May 2019 11:42|width:100%;||
list index out of range 使用google翻译太频繁,停止爬虫60s
S***r| https://www.aliexpress.com/item/-/32822945250.html|32822945250| 05 May 2019 10:41|width:100%;|Наушники идеальные! Оказались чуть розовее, чем я ожидала, но не критично. Звук громкий, смотрятся отлично! Никаких царапин, сколов и посторонних запахов нет. Кто говорит, что не держатся в ушах - тяжелые, те не умеют пользоваться. есть магниты, которые нужно застегнуть за шеей, что идеально крепит наушкини и они не болтаются, не мешаются и не выпадают из ушех! Спасибо! Покупкой довольна, с продавцом не общалась, дрставка до Москвы около месяца.|
G***v | https://www.aliexpress.com/item/-/32809381513.html|32809381513| 05 May 2019 05:49|width:100%;||
list index out of range 使用google翻译太频繁,停止爬虫60s
L***a| https://www.aliexpress.com/item/-/32822945250.html|32822945250| 04 May 2019 06:39|width:100%;|love this ones so beayty|
list index out of range 使用google翻译太频繁,停止爬虫60s
V***v | https://www.aliexpress.com/item/-/32866658033.html|32866658033| 03 May 2019 06:51|width:20%;|Ужасно!!|
L***a| https://www.aliexpress.com/item/-/32822945250.html|32822945250| 03 May 2019 00:14|width:100%;||
A***v| https://www.aliexpress.com/item/-/32891863356.html|32891863356| 02 May 2019 22:20|width:100%;||
K***v| https://www.aliexpress.com/item/-/32809381513.html|32809381513| 01 May 2019 21:34|width:80%;||
K***v| https://www.aliexpress.com/item/-/32853155795.html|32853155795| 01 May 2019 21:34|width:80%;||
list index out of range 使用google翻译太频繁,停止爬虫60s
Y***v| https://www.aliexpress.com/item/-/32853211672.html|32853211672| 01 May 2019 08:03|width:100%;|К сожалению так и не дождался посылки в течение 4 месяцев. Продавец общительный, продлевал срок защиты покупателя. В итоге открыл спор, продавец без проблем вернул деньги.|
V***o| https://www.aliexpress.com/item/-/32853211672.html|32853211672| 01 May 2019 03:56|width:80%;||
V***o| https://www.aliexpress.com/item/-/32853211672.html|32853211672| 01 May 2019 03:56|width:80%;||
K***a| https://www.aliexpress.com/item/-/32853211672.html|32853211672| 30 Apr 2019 14:55|width:100%;||
A***a | https://www.aliexpress.com/item/-/32840968280.html|32840968280| 30 Apr 2019 06:28|width:100%;||
G***a| https://www.aliexpress.com/item/-/32741219610.html|32741219610| 29 Apr 2019 09:48|width:100%;||
G***a| https://www.aliexpress.com/item/-/32741219610.html|32741219610| 29 Apr 2019 09:48|width:100%;||
I***e| https://www.aliexpress.com/item/-/32822945250.html|32822945250| 29 Apr 2019 06:19|width:100%;||
list index out of range 使用google翻译太频繁,停止爬虫60s
A***a| https://www.aliexpress.com/item/-/32853155795.html|32853155795| 29 Apr 2019 02:08|width:100%;|Отличный чехол, сидит плотно. Очень помогает найти наушники в недрах сумки)|
v***b| https://www.aliexpress.com/item/-/32741219610.html|32741219610| 29 Apr 2019 00:23|width:100%;||
R***a| https://www.aliexpress.com/item/-/32840968280.html|32840968280| 28 Apr 2019 23:20|width:100%;||
list index out of range 使用google翻译太频繁,停止爬虫60s
Y***n| https://www.aliexpress.com/item/-/32741219610.html|32741219610| 28 Apr 2019 12:47|width:100%;|Эти липучки я купил в этом магазине уже во 2-й раз. У меня много проводов,- работаю с проектором и звуком. - Очень удобно работать с такими липучками,- всё оргагизованно и легко найти в куче проводов - нужный, не нужно мучиться - распутывать! Спасибо продавцу.|
A***k| https://www.aliexpress.com/item/-/32822945250.html|32822945250| 28 Apr 2019 08:41|width:100%;||
A***r| https://www.aliexpress.com/item/-/32741219610.html|32741219610| 27 Apr 2019 23:18|width:100%;||
O***z| https://www.aliexpress.com/item/-/32840968280.html|32840968280| 27 Apr 2019 16:57|width:80%;||
O***z| https://www.aliexpress.com/item/-/32840968280.html|32840968280| 27 Apr 2019 16:57|width:80%;||
A***v| https://www.aliexpress.com/item/-/32741219610.html|32741219610| 27 Apr 2019 11:12|width:100%;||
I***v| https://www.aliexpress.com/item/-/32840968280.html|32840968280| 27 Apr 2019 08:24|width:100%;||
V***n| https://www.aliexpress.com/item/-/32744782945.html|32744782945| 27 Apr 2019 07:46|width:100%;||
V***n| https://www.aliexpress.com/item/-/32744782945.html|32744782945| 27 Apr 2019 07:46|width:100%;||
A***e| https://www.aliexpress.com/item/-/32822945250.html|32822945250| 26 Apr 2019 23:45|width:100%;||
M***k| https://www.aliexpress.com/item/-/32840968280.html|32840968280| 26 Apr 2019 23:31|width:100%;||
list index out of range 使用google翻译太频繁,停止爬虫60s
K***k| https://www.aliexpress.com/item/-/32822945250.html|32822945250| 26 Apr 2019 08:01|width:100%;|Se escuchan muy bien y son muy lindos :)|
list index out of range 使用google翻译太频繁,停止爬虫60s
T***A| https://www.aliexpress.com/item/-/32741219610.html|32741219610| 26 Apr 2019 06:13|width:100%;|Заказом довольна. Спасибо.|
list index out of range 使用google翻译太频繁,停止爬虫60s
P***r | https://www.aliexpress.com/item/-/32822945250.html|32822945250| 26 Apr 2019 02:14|width:100%;|Goood and like picture|
B***a| https://www.aliexpress.com/item/-/32741219610.html|32741219610| 25 Apr 2019 13:29|width:100%;||
list index out of range 使用google翻译太频繁,停止爬虫60s
B***k| https://www.aliexpress.com/item/-/32741219610.html|32741219610| 25 Apr 2019 12:29|width:100%;|Opaski kablowe zapinane na rzep, wielokrotnego użytku. Dzięki nim uporządkowałam nie tylko kable ale i łańcuchy oraz światełka świąteczne. Uniwersalne zastosowania, na pewno domówię jeszcze. Dostawa w miesiąc do PL.|
list index out of range 使用google翻译太频繁,停止爬虫60s
A***o| https://www.aliexpress.com/item/-/32741219610.html|32741219610| 25 Apr 2019 10:02|width:100%;|Соответствует описанию.|
list index out of range 使用google翻译太频繁,停止爬虫60s
A***o| https://www.aliexpress.com/item/-/32741219610.html|32741219610| 25 Apr 2019 10:01|width:100%;|Соответствует описанию.|
list index out of range 使用google翻译太频繁,停止爬虫60s
M***y| https://www.aliexpress.com/item/-/32853211672.html|32853211672| 25 Apr 2019 00:53|width:100%;|очень долго шло.|
list index out of range 使用google翻译太频繁,停止爬虫60s
v***v| https://www.aliexpress.com/item/-/32822945250.html|32822945250| 24 Apr 2019 21:26|width:100%;|наушники очень красивые, звук отличный|
B***o| https://www.aliexpress.com/item/-/32853211672.html|32853211672| 24 Apr 2019 15:48|width:100%;||
list index out of range 使用google翻译太频繁,停止爬虫60s
M***l | https://www.aliexpress.com/item/-/32875671763.html|32875671763| 24 Apr 2019 13:06|width:100%;|High quality and recommended|
g***n| https://www.aliexpress.com/item/-/32741219610.html|32741219610| 24 Apr 2019 11:52|width:100%;||
list index out of range 使用google翻译太频繁,停止爬虫60s
A***h| https://www.aliexpress.com/item/-/32853155795.html|32853155795| 24 Apr 2019 08:19|width:60%;|Очень долгая доставка и немного кривой|
list index out of range 使用google翻译太频繁,停止爬虫60s
g***o| https://www.aliexpress.com/item/-/32910768093.html|32910768093| 24 Apr 2019 01:49|width:20%;|he cambiado de targeta porque perdi la que tenia y aun no han ingresado el dinero|
A***n| https://www.aliexpress.com/item/-/32853155795.html|32853155795| 23 Apr 2019 22:13|width:80%;||
I***a| https://www.aliexpress.com/item/-/32741219610.html|32741219610| 23 Apr 2019 13:30|width:100%;||
list index out of range 使用google翻译太频繁,停止爬虫60s
I***v| https://www.aliexpress.com/item/-/32741219610.html|32741219610| 23 Apr 2019 10:48|width:100%;|Many thanks !!!|
a***a| https://www.aliexpress.com/item/-/32851283385.html|32851283385| 23 Apr 2019 07:28|width:100%;||
G***o| https://www.aliexpress.com/item/-/32741219610.html|32741219610| 23 Apr 2019 07:16|width:100%;||
list index out of range 使用google翻译太频繁,停止爬虫60s
E***a| https://www.aliexpress.com/item/-/32853155795.html|32853155795| 23 Apr 2019 07:10|width:20%;|Товар не пришёл (|
list index out of range 使用google翻译太频繁,停止爬虫60s
L***a| https://www.aliexpress.com/item/-/32853211672.html|32853211672| 23 Apr 2019 04:52|width:40%;|товар не пришёл|
list index out of range 使用google翻译太频繁,停止爬虫60s
N***a| https://www.aliexpress.com/item/-/32853211672.html|32853211672| 23 Apr 2019 04:14|width:20%;|Товар так и не получила!!|
C***a| https://www.aliexpress.com/item/-/32840968280.html|32840968280| 23 Apr 2019 02:47|width:100%;||
C***a| https://www.aliexpress.com/item/-/32840968280.html|32840968280| 23 Apr 2019 02:47|width:100%;||
R***c| https://www.aliexpress.com/item/-/32840968280.html|32840968280| 22 Apr 2019 23:51|width:100%;||
list index out of range 使用google翻译太频繁,停止爬虫60s
K***o| https://www.aliexpress.com/item/-/32809381513.html|32809381513| 22 Apr 2019 10:51|width:100%;|Thank You!|
list index out of range 使用google翻译太频繁,停止爬虫60s
A***n| https://www.aliexpress.com/item/-/32741219610.html|32741219610| 21 Apr 2019 22:58|width:100%;|отличные стяжки.|
list index out of range 使用google翻译太频繁,停止爬虫60s
E***a| https://www.aliexpress.com/item/-/32853155795.html|32853155795| 21 Apr 2019 11:53|width:60%;|С февраля все идёт|
list index out of range 使用google翻译太频繁,停止爬虫60s
H***n| https://www.aliexpress.com/item/-/32853211672.html|32853211672| 21 Apr 2019 11:32|width:100%;|Thanks,|
list index out of range 使用google翻译太频繁,停止爬虫60s
N***o| https://www.aliexpress.com/item/-/32741219610.html|32741219610| 21 Apr 2019 09:39|width:100%;|Ооооочень долгая доставка, заказала 21.01. Получила 19.04. Уже после того как закончилась защита и возврата денег. Но товаром довольна, качество хорошее, количество не проверяла|
list index out of range 使用google翻译太频繁,停止爬虫60s
Z***o| https://www.aliexpress.com/item/-/32840968280.html|32840968280| 21 Apr 2019 08:14|width:100%;|Все отлично, я доволен всем|
A***v| https://www.aliexpress.com/item/-/32878045046.html|32878045046| 21 Apr 2019 05:01|width:100%;||
list index out of range 使用google翻译太频繁,停止爬虫60s
V***v| https://www.aliexpress.com/item/-/32741219610.html|32741219610| 20 Apr 2019 10:27|width:40%;|хуйня, часть за которую можно закрепить маленькая и на самом конце. в итоге половина ленты тупо висит. Не рекомендую|
list index out of range 使用google翻译太频繁,停止爬虫60s
N***k| https://www.aliexpress.com/item/-/32840968280.html|32840968280| 20 Apr 2019 09:40|width:20%;|Почти три месяца обещали доставку. Но так ничего и не пришло! Деньги не вернули! Держитесь подальше от этого продавца!|
list index out of range 使用google翻译太频繁,停止爬虫60s
N***k| https://www.aliexpress.com/item/-/32840968280.html|32840968280| 20 Apr 2019 09:40|width:20%;|Почти три месяца обещали доставку. Но так ничего и не пришло! Деньги не вернули! Держитесь подальше от этого продавца!|
list index out of range 使用google翻译太频繁,停止爬虫60s
N***k| https://www.aliexpress.com/item/-/32840968280.html|32840968280| 20 Apr 2019 09:40|width:20%;|Почти три месяца обещали доставку. Но так ничего и не пришло! Деньги не вернули! Держитесь подальше от этого продавца!|
a***a | https://www.aliexpress.com/item/-/32853155795.html|32853155795| 20 Apr 2019 07:08|width:80%;||
d***a| https://www.aliexpress.com/item/-/32853155795.html|32853155795| 20 Apr 2019 00:35|width:100%;||
l***h| https://www.aliexpress.com/item/-/32891863356.html|32891863356| 19 Apr 2019 16:37|width:80%;||
list index out of range 使用google翻译太频繁,停止爬虫60s
P***a| https://www.aliexpress.com/item/-/32910768093.html|32910768093| 19 Apr 2019 10:44|width:20%;|The item was wrong, every 2sec disconected. Till now not arrived refund or other item!|
list index out of range 使用google翻译太频繁,停止爬虫60s
K***a| https://www.aliexpress.com/item/-/32804425443.html|32804425443| 19 Apr 2019 09:15|width:100%;|Every thing is ok. I recomend|
list index out of range 使用google翻译太频繁,停止爬虫60s
D***a| https://www.aliexpress.com/item/-/32840968280.html|32840968280| 19 Apr 2019 01:17|width:100%;|Все пришло в полном комплекте, но посылка слишком долго доставлялась. Заказала в конце января, пришла посылка в середине апреля.|
L***a| https://www.aliexpress.com/item/-/32741219610.html|32741219610| 18 Apr 2019 12:31|width:100%;||
E***V| https://www.aliexpress.com/item/-/32741219610.html|32741219610| 18 Apr 2019 04:40|width:80%;||
R***. | https://www.aliexpress.com/item/-/32840968280.html|32840968280| 18 Apr 2019 02:17|width:100%;||
R***. | https://www.aliexpress.com/item/-/32840968280.html|32840968280| 18 Apr 2019 02:17|width:100%;||
list index out of range 使用google翻译太频繁,停止爬虫60s
S***v| https://www.aliexpress.com/item/-/32741219610.html|32741219610| 17 Apr 2019 23:30|width:20%;|Продавец - говно! Вроде бы заказ отправил, но не отслеживался! Заказ не получил! Возможно заказ не получил из-за "прекрасной" работы почты россии, которая в свою очередь тоже - говно! Довольно поздно спохватился, спор открывать было поздно, денег не вернуть!|
list index out of range 使用google翻译太频繁,停止爬虫60s
P***z| https://www.aliexpress.com/item/-/32910768093.html|32910768093| 17 Apr 2019 15:08|width:40%;|Very low resoution nit 1024p as it is in description|
A***n| https://www.aliexpress.com/item/-/32741219610.html|32741219610| 17 Apr 2019 11:14|width:100%;||
list index out of range 使用google翻译太频繁,停止爬虫60s
A***n| https://www.aliexpress.com/item/-/32741219610.html|32741219610| 17 Apr 2019 10:51|width:100%;|Очень доволен покупкой.|
M***y| https://www.aliexpress.com/item/-/32741219610.html|32741219610| 17 Apr 2019 08:26|width:100%;||
s***f| https://www.aliexpress.com/item/-/32741219610.html|32741219610| 17 Apr 2019 06:48|width:100%;||
M***v| https://www.aliexpress.com/item/-/32853155795.html|32853155795| 17 Apr 2019 04:36|width:100%;||
list index out of range 使用google翻译太频繁,停止爬虫60s
R***v| https://www.aliexpress.com/item/-/32853155795.html|32853155795| 17 Apr 2019 04:18|width:100%;|Качество отличное :)|
T***a| https://www.aliexpress.com/item/-/32741219610.html|32741219610| 16 Apr 2019 21:53|width:100%;||
a***a| https://www.aliexpress.com/item/-/32853155795.html|32853155795| 16 Apr 2019 19:16|width:100%;||
list index out of range 使用google翻译太频繁,停止爬虫60s
G***a| https://www.aliexpress.com/item/-/32741219610.html|32741219610| 16 Apr 2019 12:36|width:100%;|Little bit later but arrived (maybe because of Slovak post office) I am satisfied thank you|
list index out of range 使用google翻译太频繁,停止爬虫60s
J***a| https://www.aliexpress.com/item/-/32741219610.html|32741219610| 16 Apr 2019 11:32|width:100%;|Ok|
Y***k| https://www.aliexpress.com/item/-/32741219610.html|32741219610| 16 Apr 2019 10:55|width:100%;||
list index out of range 使用google翻译太频繁,停止爬虫60s
I***V | https://www.aliexpress.com/item/-/32741219610.html|32741219610| 16 Apr 2019 10:16|width:60%;|По истечению времени даром ненужны.|
list index out of range 使用google翻译太频繁,停止爬虫60s
N***a| https://www.aliexpress.com/item/-/32853155795.html|32853155795| 16 Apr 2019 09:17|width:80%;|время заказа истекло ,открыла спор,а на следующий день посылка пришла.|
E***a | https://www.aliexpress.com/item/-/32840968280.html|32840968280| 16 Apr 2019 09:13|width:100%;||
k***v| https://www.aliexpress.com/item/-/32822945250.html|32822945250| 16 Apr 2019 07:46|width:100%;||
V***n| https://www.aliexpress.com/item/-/32853211672.html|32853211672| 16 Apr 2019 04:34|width:100%;||
A***u| https://www.aliexpress.com/item/-/32741219610.html|32741219610| 16 Apr 2019 03:00|width:100%;||
list index out of range 使用google翻译太频繁,停止爬虫60s
i***n| https://www.aliexpress.com/item/-/32853155795.html|32853155795| 15 Apr 2019 15:36|width:100%;|Подошёл отлично!|
A***n| https://www.aliexpress.com/item/-/32741219610.html|32741219610| 15 Apr 2019 05:57|width:100%;||
list index out of range 使用google翻译太频繁,停止爬虫60s
D***v| https://www.aliexpress.com/item/-/32741219610.html|32741219610| 15 Apr 2019 04:48|width:100%;|Спасибо, всё приехало. Очень доволен. Рекомендую!|
list index out of range 使用google翻译太频繁,停止爬虫60s
O***a| https://www.aliexpress.com/item/-/32853155795.html|32853155795| 15 Apr 2019 03:44|width:20%;|Ничего не пришло|
I***k| https://www.aliexpress.com/item/-/32853155795.html|32853155795| 15 Apr 2019 02:01|width:80%;||
m***n| https://www.aliexpress.com/item/-/32853155795.html|32853155795| 15 Apr 2019 01:28|width:100%;||
D***o| https://www.aliexpress.com/item/-/32741219610.html|32741219610| 14 Apr 2019 23:33|width:100%;||
D***y | https://www.aliexpress.com/item/-/32822945250.html|32822945250| 14 Apr 2019 22:40|width:100%;||
list index out of range 使用google翻译太频繁,停止爬虫60s
E***a| https://www.aliexpress.com/item/-/32853155795.html|32853155795| 14 Apr 2019 22:11|width:100%;|Товар соответствует описанию, светится в темноте, идеально подходит для аир подс, продавец общительный, рекомендую|
Traceback (most recent call last):
  File "/usr/local/lib/python3.6/site-packages/urllib3/contrib/pyopenssl.py", line 456, in wrap_socket
    cnx.do_handshake()
  File "/usr/local/lib/python3.6/site-packages/OpenSSL/SSL.py", line 1907, in do_handshake
    self._raise_ssl_error(self._ssl, result)
  File "/usr/local/lib/python3.6/site-packages/OpenSSL/SSL.py", line 1632, in _raise_ssl_error
    raise SysCallError(-1, "Unexpected EOF")
OpenSSL.SSL.SysCallError: (-1, 'Unexpected EOF')

During handling of the above exception, another exception occurred:

Traceback (most recent call last):
  File "/usr/local/lib/python3.6/site-packages/urllib3/connectionpool.py", line 600, in urlopen
    chunked=chunked)
  File "/usr/local/lib/python3.6/site-packages/urllib3/connectionpool.py", line 343, in _make_request
    self._validate_conn(conn)
  File "/usr/local/lib/python3.6/site-packages/urllib3/connectionpool.py", line 839, in _validate_conn
    conn.connect()
  File "/usr/local/lib/python3.6/site-packages/urllib3/connection.py", line 344, in connect
    ssl_context=context)
  File "/usr/local/lib/python3.6/site-packages/urllib3/util/ssl_.py", line 347, in ssl_wrap_socket
    return context.wrap_socket(sock, server_hostname=server_hostname)
  File "/usr/local/lib/python3.6/site-packages/urllib3/contrib/pyopenssl.py", line 462, in wrap_socket
    raise ssl.SSLError('bad handshake: %r' % e)
ssl.SSLError: ("bad handshake: SysCallError(-1, 'Unexpected EOF')",)

During handling of the above exception, another exception occurred:

Traceback (most recent call last):
  File "/usr/local/lib/python3.6/site-packages/requests/adapters.py", line 449, in send
    timeout=timeout
  File "/usr/local/lib/python3.6/site-packages/urllib3/connectionpool.py", line 638, in urlopen
    _stacktrace=sys.exc_info()[2])
  File "/usr/local/lib/python3.6/site-packages/urllib3/util/retry.py", line 399, in increment
    raise MaxRetryError(_pool, url, error or ResponseError(cause))
urllib3.exceptions.MaxRetryError: HTTPSConnectionPool(host='translate.google.cn', port=443): Max retries exceeded with url: /?sl=auto&tl=en&text=Thank+you (Caused by SSLError(SSLError("bad handshake: SysCallError(-1, 'Unexpected EOF')",),))

During handling of the above exception, another exception occurred:

Traceback (most recent call last):
  File "/root/venv/ali_feebackForshoop7.py", line 165, in <module>
    main()
  File "/root/venv/ali_feebackForshoop7.py", line 161, in main
    getFeedback(i,file_name)
  File "/root/venv/ali_feebackForshoop7.py", line 149, in getFeedback
    feedbackContent_En=translateGoogle(feedbackContent)
  File "/root/venv/ali_feebackForshoop7.py", line 101, in translateGoogle
    response=requests.get(url, headers=headers)
  File "/usr/local/lib/python3.6/site-packages/requests/api.py", line 75, in get
    return request('get', url, params=params, **kwargs)
  File "/usr/local/lib/python3.6/site-packages/requests/api.py", line 60, in request
    return session.request(method=method, url=url, **kwargs)
  File "/usr/local/lib/python3.6/site-packages/requests/sessions.py", line 533, in request
    resp = self.send(prep, **send_kwargs)
  File "/usr/local/lib/python3.6/site-packages/requests/sessions.py", line 668, in send
    history = [resp for resp in gen] if allow_redirects else []
  File "/usr/local/lib/python3.6/site-packages/requests/sessions.py", line 668, in <listcomp>
    history = [resp for resp in gen] if allow_redirects else []
  File "/usr/local/lib/python3.6/site-packages/requests/sessions.py", line 247, in resolve_redirects
    **adapter_kwargs
  File "/usr/local/lib/python3.6/site-packages/requests/sessions.py", line 646, in send
    r = adapter.send(request, **kwargs)
  File "/usr/local/lib/python3.6/site-packages/requests/adapters.py", line 514, in send
    raise SSLError(e, request=request)
requests.exceptions.SSLError: HTTPSConnectionPool(host='translate.google.cn', port=443): Max retries exceeded with url: /?sl=auto&tl=en&text=Thank+you (Caused by SSLError(SSLError("bad handshake: SysCallError(-1, 'Unexpected EOF')",),))
